2013-08-04 00:11:40,569 INFO [main] [TestRoomMap.java:132] Start processing tiles
2013-08-04 00:11:41,186 INFO [main] [TestRoomMap.java:156] Processed 100 tiles...
2013-08-04 00:11:41,563 INFO [main] [TestRoomMap.java:156] Processed 200 tiles...
2013-08-04 00:11:42,327 INFO [main] [TestRoomMap.java:156] Processed 300 tiles...
2013-08-04 00:11:42,827 INFO [main] [TestRoomMap.java:156] Processed 400 tiles...
2013-08-04 00:11:43,904 INFO [main] [TestRoomMap.java:156] Processed 500 tiles...
2013-08-04 00:11:44,554 INFO [main] [TestRoomMap.java:156] Processed 600 tiles...
2013-08-04 00:11:45,884 INFO [main] [TestRoomMap.java:156] Processed 700 tiles...
2013-08-04 00:11:46,672 INFO [main] [TestRoomMap.java:156] Processed 800 tiles...
2013-08-04 00:11:48,026 INFO [main] [TestRoomMap.java:156] Processed 900 tiles...
2013-08-04 00:11:48,860 INFO [main] [TestRoomMap.java:156] Processed 1000 tiles...
2013-08-04 00:11:50,038 INFO [main] [TestRoomMap.java:156] Processed 1100 tiles...
2013-08-04 00:11:50,768 INFO [main] [TestRoomMap.java:156] Processed 1200 tiles...
2013-08-04 00:11:51,785 INFO [main] [TestRoomMap.java:156] Processed 1300 tiles...
2013-08-04 00:11:52,423 INFO [main] [TestRoomMap.java:156] Processed 1400 tiles...
2013-08-04 00:11:53,307 INFO [main] [TestRoomMap.java:156] Processed 1500 tiles...
2013-08-04 00:11:53,891 INFO [main] [TestRoomMap.java:156] Processed 1600 tiles...
2013-08-04 00:11:54,637 INFO [main] [TestRoomMap.java:156] Processed 1700 tiles...
2013-08-04 00:11:55,151 INFO [main] [TestRoomMap.java:156] Processed 1800 tiles...
2013-08-04 00:11:55,834 INFO [main] [TestRoomMap.java:156] Processed 1900 tiles...
2013-08-04 00:11:56,357 INFO [main] [TestRoomMap.java:156] Processed 2000 tiles...
2013-08-04 00:11:57,052 INFO [main] [TestRoomMap.java:156] Processed 2100 tiles...
2013-08-04 00:11:57,532 INFO [main] [TestRoomMap.java:156] Processed 2200 tiles...
2013-08-04 00:11:58,174 INFO [main] [TestRoomMap.java:156] Processed 2300 tiles...
2013-08-04 00:11:58,641 INFO [main] [TestRoomMap.java:156] Processed 2400 tiles...
2013-08-04 00:11:59,266 INFO [main] [TestRoomMap.java:156] Processed 2500 tiles...
2013-08-04 00:11:59,699 INFO [main] [TestRoomMap.java:156] Processed 2600 tiles...
2013-08-04 00:12:00,298 INFO [main] [TestRoomMap.java:156] Processed 2700 tiles...
2013-08-04 00:12:00,508 INFO [main] [TestRoomMap.java:156] Processed 2800 tiles...
2013-08-04 00:12:00,571 INFO [main] [TestRoomMap.java:156] Processed 2900 tiles...
2013-08-04 00:12:00,749 INFO [main] [TestRoomMap.java:156] Processed 3000 tiles...
2013-08-04 00:12:00,934 INFO [main] [TestRoomMap.java:156] Processed 3100 tiles...
2013-08-04 00:12:01,104 INFO [main] [TestRoomMap.java:156] Processed 3200 tiles...
2013-08-04 00:12:01,239 INFO [main] [TestRoomMap.java:156] Processed 3300 tiles...
2013-08-04 00:12:01,381 INFO [main] [TestRoomMap.java:156] Processed 3400 tiles...
2013-08-04 00:12:01,491 INFO [main] [TestRoomMap.java:156] Processed 3500 tiles...
2013-08-04 00:12:01,629 INFO [main] [TestRoomMap.java:156] Processed 3600 tiles...
2013-08-04 00:12:01,731 INFO [main] [TestRoomMap.java:156] Processed 3700 tiles...
2013-08-04 00:12:01,836 INFO [main] [TestRoomMap.java:156] Processed 3800 tiles...
2013-08-04 00:12:01,903 INFO [main] [TestRoomMap.java:156] Processed 3900 tiles...
2013-08-04 00:12:01,993 INFO [main] [TestRoomMap.java:156] Processed 4000 tiles...
2013-08-04 00:12:02,056 INFO [main] [TestRoomMap.java:156] Processed 4100 tiles...
2013-08-04 00:12:02,142 INFO [main] [TestRoomMap.java:156] Processed 4200 tiles...
2013-08-04 00:12:02,195 INFO [main] [TestRoomMap.java:156] Processed 4300 tiles...
2013-08-04 00:12:02,262 INFO [main] [TestRoomMap.java:156] Processed 4400 tiles...
2013-08-04 00:12:02,307 INFO [main] [TestRoomMap.java:156] Processed 4500 tiles...
2013-08-04 00:12:02,345 INFO [main] [TestRoomMap.java:156] Processed 4600 tiles...
2013-08-04 00:12:02,384 INFO [main] [TestRoomMap.java:156] Processed 4700 tiles...
2013-08-04 00:12:02,413 INFO [main] [TestRoomMap.java:156] Processed 4800 tiles...
2013-08-04 00:12:02,443 INFO [main] [TestRoomMap.java:156] Processed 4900 tiles...
2013-08-04 00:12:02,479 INFO [main] [TestRoomMap.java:156] Processed 5000 tiles...
2013-08-04 00:12:02,515 INFO [main] [TestRoomMap.java:156] Processed 5100 tiles...
2013-08-04 00:12:02,546 INFO [main] [TestRoomMap.java:156] Processed 5200 tiles...
2013-08-04 00:12:02,574 INFO [main] [TestRoomMap.java:156] Processed 5300 tiles...
2013-08-04 00:12:02,605 INFO [main] [TestRoomMap.java:156] Processed 5400 tiles...
2013-08-04 00:12:02,628 INFO [main] [TestRoomMap.java:156] Processed 5500 tiles...
2013-08-04 00:12:02,654 INFO [main] [TestRoomMap.java:156] Processed 5600 tiles...
2013-08-04 00:12:02,676 INFO [main] [TestRoomMap.java:156] Processed 5700 tiles...
2013-08-04 00:12:02,703 INFO [main] [TestRoomMap.java:156] Processed 5800 tiles...
2013-08-04 00:12:02,722 INFO [main] [TestRoomMap.java:156] Processed 5900 tiles...
2013-08-04 00:12:02,731 INFO [main] [TestRoomMap.java:160] Finished processing tiles.
2013-08-04 00:13:30,732 INFO [main] [TestRoomMap.java:132] Start processing tiles
2013-08-04 00:13:31,249 INFO [main] [TestRoomMap.java:156] Processed 100 tiles...
2013-08-04 00:13:31,619 INFO [main] [TestRoomMap.java:156] Processed 200 tiles...
2013-08-04 00:13:32,364 INFO [main] [TestRoomMap.java:156] Processed 300 tiles...
2013-08-04 00:13:32,865 INFO [main] [TestRoomMap.java:156] Processed 400 tiles...
2013-08-04 00:13:33,933 INFO [main] [TestRoomMap.java:156] Processed 500 tiles...
2013-08-04 00:13:34,598 INFO [main] [TestRoomMap.java:156] Processed 600 tiles...
2013-08-04 00:13:35,963 INFO [main] [TestRoomMap.java:156] Processed 700 tiles...
2013-08-04 00:13:36,755 INFO [main] [TestRoomMap.java:156] Processed 800 tiles...
2013-08-04 00:13:38,122 INFO [main] [TestRoomMap.java:156] Processed 900 tiles...
2013-08-04 00:13:38,940 INFO [main] [TestRoomMap.java:156] Processed 1000 tiles...
2013-08-04 00:13:40,127 INFO [main] [TestRoomMap.java:156] Processed 1100 tiles...
2013-08-04 00:13:40,840 INFO [main] [TestRoomMap.java:156] Processed 1200 tiles...
2013-08-04 00:13:41,890 INFO [main] [TestRoomMap.java:156] Processed 1300 tiles...
2013-08-04 00:13:42,539 INFO [main] [TestRoomMap.java:156] Processed 1400 tiles...
2013-08-04 00:13:43,421 INFO [main] [TestRoomMap.java:156] Processed 1500 tiles...
2013-08-04 00:13:44,022 INFO [main] [TestRoomMap.java:156] Processed 1600 tiles...
2013-08-04 00:13:44,775 INFO [main] [TestRoomMap.java:156] Processed 1700 tiles...
2013-08-04 00:13:45,317 INFO [main] [TestRoomMap.java:156] Processed 1800 tiles...
2013-08-04 00:13:45,997 INFO [main] [TestRoomMap.java:156] Processed 1900 tiles...
2013-08-04 00:13:46,527 INFO [main] [TestRoomMap.java:156] Processed 2000 tiles...
2013-08-04 00:13:47,271 INFO [main] [TestRoomMap.java:156] Processed 2100 tiles...
2013-08-04 00:13:47,773 INFO [main] [TestRoomMap.java:156] Processed 2200 tiles...
2013-08-04 00:13:48,463 INFO [main] [TestRoomMap.java:156] Processed 2300 tiles...
2013-08-04 00:13:48,918 INFO [main] [TestRoomMap.java:156] Processed 2400 tiles...
2013-08-04 00:13:49,527 INFO [main] [TestRoomMap.java:156] Processed 2500 tiles...
2013-08-04 00:13:49,953 INFO [main] [TestRoomMap.java:156] Processed 2600 tiles...
2013-08-04 00:13:50,564 INFO [main] [TestRoomMap.java:156] Processed 2700 tiles...
2013-08-04 00:13:50,786 INFO [main] [TestRoomMap.java:156] Processed 2800 tiles...
2013-08-04 00:13:50,838 INFO [main] [TestRoomMap.java:156] Processed 2900 tiles...
2013-08-04 00:13:51,012 INFO [main] [TestRoomMap.java:156] Processed 3000 tiles...
2013-08-04 00:13:51,200 INFO [main] [TestRoomMap.java:156] Processed 3100 tiles...
2013-08-04 00:13:51,370 INFO [main] [TestRoomMap.java:156] Processed 3200 tiles...
2013-08-04 00:13:51,516 INFO [main] [TestRoomMap.java:156] Processed 3300 tiles...
2013-08-04 00:13:51,694 INFO [main] [TestRoomMap.java:156] Processed 3400 tiles...
2013-08-04 00:13:51,822 INFO [main] [TestRoomMap.java:156] Processed 3500 tiles...
2013-08-04 00:13:51,961 INFO [main] [TestRoomMap.java:156] Processed 3600 tiles...
2013-08-04 00:13:52,059 INFO [main] [TestRoomMap.java:156] Processed 3700 tiles...
2013-08-04 00:13:52,168 INFO [main] [TestRoomMap.java:156] Processed 3800 tiles...
2013-08-04 00:13:52,230 INFO [main] [TestRoomMap.java:156] Processed 3900 tiles...
2013-08-04 00:13:52,322 INFO [main] [TestRoomMap.java:156] Processed 4000 tiles...
2013-08-04 00:13:52,393 INFO [main] [TestRoomMap.java:156] Processed 4100 tiles...
2013-08-04 00:13:52,493 INFO [main] [TestRoomMap.java:156] Processed 4200 tiles...
2013-08-04 00:13:52,545 INFO [main] [TestRoomMap.java:156] Processed 4300 tiles...
2013-08-04 00:13:52,613 INFO [main] [TestRoomMap.java:156] Processed 4400 tiles...
2013-08-04 00:13:52,653 INFO [main] [TestRoomMap.java:156] Processed 4500 tiles...
2013-08-04 00:13:52,691 INFO [main] [TestRoomMap.java:156] Processed 4600 tiles...
2013-08-04 00:13:52,720 INFO [main] [TestRoomMap.java:156] Processed 4700 tiles...
2013-08-04 00:13:52,752 INFO [main] [TestRoomMap.java:156] Processed 4800 tiles...
2013-08-04 00:13:52,787 INFO [main] [TestRoomMap.java:156] Processed 4900 tiles...
2013-08-04 00:13:52,821 INFO [main] [TestRoomMap.java:156] Processed 5000 tiles...
2013-08-04 00:13:52,855 INFO [main] [TestRoomMap.java:156] Processed 5100 tiles...
2013-08-04 00:13:52,894 INFO [main] [TestRoomMap.java:156] Processed 5200 tiles...
2013-08-04 00:13:52,922 INFO [main] [TestRoomMap.java:156] Processed 5300 tiles...
2013-08-04 00:13:52,953 INFO [main] [TestRoomMap.java:156] Processed 5400 tiles...
2013-08-04 00:13:52,977 INFO [main] [TestRoomMap.java:156] Processed 5500 tiles...
2013-08-04 00:13:53,002 INFO [main] [TestRoomMap.java:156] Processed 5600 tiles...
2013-08-04 00:13:53,023 INFO [main] [TestRoomMap.java:156] Processed 5700 tiles...
2013-08-04 00:13:53,055 INFO [main] [TestRoomMap.java:156] Processed 5800 tiles...
2013-08-04 00:13:53,075 INFO [main] [TestRoomMap.java:156] Processed 5900 tiles...
2013-08-04 00:13:53,084 INFO [main] [TestRoomMap.java:160] Finished processing tiles.
2013-08-04 00:16:30,549 TRACE [main] [Room.java:57] create static floor field
2013-08-04 00:16:30,552 TRACE [main] [TestRoomMap.java:132] Start processing tiles
2013-08-04 00:16:31,084 TRACE [main] [TestRoomMap.java:156] Processed 100 tiles...
2013-08-04 00:16:31,453 TRACE [main] [TestRoomMap.java:156] Processed 200 tiles...
2013-08-04 00:16:32,211 TRACE [main] [TestRoomMap.java:156] Processed 300 tiles...
2013-08-04 00:16:32,715 TRACE [main] [TestRoomMap.java:156] Processed 400 tiles...
2013-08-04 00:16:33,788 TRACE [main] [TestRoomMap.java:156] Processed 500 tiles...
2013-08-04 00:16:34,466 TRACE [main] [TestRoomMap.java:156] Processed 600 tiles...
2013-08-04 00:16:35,838 TRACE [main] [TestRoomMap.java:156] Processed 700 tiles...
2013-08-04 00:17:10,077 TRACE [main] [Room.java:57] create static floor field
2013-08-04 00:17:10,080 TRACE [main] [TestRoomMap.java:132] Start processing tiles
2013-08-04 00:17:10,613 TRACE [main] [TestRoomMap.java:156] Processed 100 tiles...
2013-08-04 00:17:10,988 TRACE [main] [TestRoomMap.java:156] Processed 200 tiles...
2013-08-04 00:17:11,726 TRACE [main] [TestRoomMap.java:156] Processed 300 tiles...
2013-08-04 00:17:12,217 TRACE [main] [TestRoomMap.java:156] Processed 400 tiles...
2013-08-04 00:17:13,288 TRACE [main] [TestRoomMap.java:156] Processed 500 tiles...
2013-08-04 00:17:13,926 TRACE [main] [TestRoomMap.java:156] Processed 600 tiles...
2013-08-04 00:17:15,236 TRACE [main] [TestRoomMap.java:156] Processed 700 tiles...
2013-08-04 00:17:16,035 TRACE [main] [TestRoomMap.java:156] Processed 800 tiles...
2013-08-04 00:17:17,398 TRACE [main] [TestRoomMap.java:156] Processed 900 tiles...
2013-08-04 00:17:18,226 TRACE [main] [TestRoomMap.java:156] Processed 1000 tiles...
2013-08-04 00:17:19,392 TRACE [main] [TestRoomMap.java:156] Processed 1100 tiles...
2013-08-04 00:17:20,097 TRACE [main] [TestRoomMap.java:156] Processed 1200 tiles...
2013-08-04 00:17:21,103 TRACE [main] [TestRoomMap.java:156] Processed 1300 tiles...
2013-08-04 00:17:21,757 TRACE [main] [TestRoomMap.java:156] Processed 1400 tiles...
2013-08-04 00:17:22,615 TRACE [main] [TestRoomMap.java:156] Processed 1500 tiles...
2013-08-04 00:17:23,194 TRACE [main] [TestRoomMap.java:156] Processed 1600 tiles...
2013-08-04 00:17:23,925 TRACE [main] [TestRoomMap.java:156] Processed 1700 tiles...
2013-08-04 00:17:24,425 TRACE [main] [TestRoomMap.java:156] Processed 1800 tiles...
2013-08-04 00:17:25,109 TRACE [main] [TestRoomMap.java:156] Processed 1900 tiles...
2013-08-04 00:17:25,640 TRACE [main] [TestRoomMap.java:156] Processed 2000 tiles...
2013-08-04 00:17:26,336 TRACE [main] [TestRoomMap.java:156] Processed 2100 tiles...
2013-08-04 00:17:26,820 TRACE [main] [TestRoomMap.java:156] Processed 2200 tiles...
2013-08-04 00:17:27,452 TRACE [main] [TestRoomMap.java:156] Processed 2300 tiles...
2013-08-04 00:17:27,913 TRACE [main] [TestRoomMap.java:156] Processed 2400 tiles...
2013-08-04 00:17:28,521 TRACE [main] [TestRoomMap.java:156] Processed 2500 tiles...
2013-08-04 00:17:28,987 TRACE [main] [TestRoomMap.java:156] Processed 2600 tiles...
2013-08-04 00:17:29,591 TRACE [main] [TestRoomMap.java:156] Processed 2700 tiles...
2013-08-04 00:17:29,800 TRACE [main] [TestRoomMap.java:156] Processed 2800 tiles...
2013-08-04 00:17:29,852 TRACE [main] [TestRoomMap.java:156] Processed 2900 tiles...
2013-08-04 00:17:30,011 TRACE [main] [TestRoomMap.java:156] Processed 3000 tiles...
2013-08-04 00:17:30,192 TRACE [main] [TestRoomMap.java:156] Processed 3100 tiles...
2013-08-04 00:17:30,358 TRACE [main] [TestRoomMap.java:156] Processed 3200 tiles...
2013-08-04 00:17:30,490 TRACE [main] [TestRoomMap.java:156] Processed 3300 tiles...
2013-08-04 00:17:30,644 TRACE [main] [TestRoomMap.java:156] Processed 3400 tiles...
2013-08-04 00:17:30,757 TRACE [main] [TestRoomMap.java:156] Processed 3500 tiles...
2013-08-04 00:17:30,887 TRACE [main] [TestRoomMap.java:156] Processed 3600 tiles...
2013-08-04 00:17:30,978 TRACE [main] [TestRoomMap.java:156] Processed 3700 tiles...
2013-08-04 00:17:31,084 TRACE [main] [TestRoomMap.java:156] Processed 3800 tiles...
2013-08-04 00:17:31,149 TRACE [main] [TestRoomMap.java:156] Processed 3900 tiles...
2013-08-04 00:17:31,238 TRACE [main] [TestRoomMap.java:156] Processed 4000 tiles...
2013-08-04 00:17:31,305 TRACE [main] [TestRoomMap.java:156] Processed 4100 tiles...
2013-08-04 00:17:31,395 TRACE [main] [TestRoomMap.java:156] Processed 4200 tiles...
2013-08-04 00:17:31,449 TRACE [main] [TestRoomMap.java:156] Processed 4300 tiles...
2013-08-04 00:17:31,513 TRACE [main] [TestRoomMap.java:156] Processed 4400 tiles...
2013-08-04 00:17:31,552 TRACE [main] [TestRoomMap.java:156] Processed 4500 tiles...
2013-08-04 00:17:31,601 TRACE [main] [TestRoomMap.java:156] Processed 4600 tiles...
2013-08-04 00:17:31,629 TRACE [main] [TestRoomMap.java:156] Processed 4700 tiles...
2013-08-04 00:17:31,656 TRACE [main] [TestRoomMap.java:156] Processed 4800 tiles...
2013-08-04 00:17:31,687 TRACE [main] [TestRoomMap.java:156] Processed 4900 tiles...
2013-08-04 00:17:31,721 TRACE [main] [TestRoomMap.java:156] Processed 5000 tiles...
2013-08-04 00:17:31,762 TRACE [main] [TestRoomMap.java:156] Processed 5100 tiles...
2013-08-04 00:17:31,794 TRACE [main] [TestRoomMap.java:156] Processed 5200 tiles...
2013-08-04 00:17:31,822 TRACE [main] [TestRoomMap.java:156] Processed 5300 tiles...
2013-08-04 00:17:31,851 TRACE [main] [TestRoomMap.java:156] Processed 5400 tiles...
2013-08-04 00:17:31,874 TRACE [main] [TestRoomMap.java:156] Processed 5500 tiles...
2013-08-04 00:17:31,901 TRACE [main] [TestRoomMap.java:156] Processed 5600 tiles...
2013-08-04 00:17:31,926 TRACE [main] [TestRoomMap.java:156] Processed 5700 tiles...
2013-08-04 00:17:31,950 TRACE [main] [TestRoomMap.java:156] Processed 5800 tiles...
2013-08-04 00:17:31,971 TRACE [main] [TestRoomMap.java:156] Processed 5900 tiles...
2013-08-04 00:17:31,979 TRACE [main] [TestRoomMap.java:160] Finished processing tiles.
2013-08-04 00:46:34,785 TRACE [main] [Room.java:61] create static floor field
2013-08-04 00:46:34,788 TRACE [main] [TestRoomMap.java:143] Start processing tiles
2013-08-04 00:46:35,320 TRACE [main] [TestRoomMap.java:167] Processed 100 tiles...
2013-08-04 00:46:35,689 TRACE [main] [TestRoomMap.java:167] Processed 200 tiles...
2013-08-04 00:46:36,446 TRACE [main] [TestRoomMap.java:167] Processed 300 tiles...
2013-08-04 00:46:36,943 TRACE [main] [TestRoomMap.java:167] Processed 400 tiles...
2013-08-04 00:46:38,022 TRACE [main] [TestRoomMap.java:167] Processed 500 tiles...
2013-08-04 00:46:38,666 TRACE [main] [TestRoomMap.java:167] Processed 600 tiles...
2013-08-04 00:46:39,979 TRACE [main] [TestRoomMap.java:167] Processed 700 tiles...
2013-08-04 00:46:40,785 TRACE [main] [TestRoomMap.java:167] Processed 800 tiles...
2013-08-04 00:46:42,148 TRACE [main] [TestRoomMap.java:167] Processed 900 tiles...
2013-08-04 00:46:42,973 TRACE [main] [TestRoomMap.java:167] Processed 1000 tiles...
2013-08-04 00:46:44,155 TRACE [main] [TestRoomMap.java:167] Processed 1100 tiles...
2013-08-04 00:46:44,882 TRACE [main] [TestRoomMap.java:167] Processed 1200 tiles...
2013-08-04 00:46:45,900 TRACE [main] [TestRoomMap.java:167] Processed 1300 tiles...
2013-08-04 00:46:46,563 TRACE [main] [TestRoomMap.java:167] Processed 1400 tiles...
2013-08-04 00:46:47,412 TRACE [main] [TestRoomMap.java:167] Processed 1500 tiles...
2013-08-04 00:46:47,990 TRACE [main] [TestRoomMap.java:167] Processed 1600 tiles...
2013-08-04 00:46:48,742 TRACE [main] [TestRoomMap.java:167] Processed 1700 tiles...
2013-08-04 00:46:49,255 TRACE [main] [TestRoomMap.java:167] Processed 1800 tiles...
2013-08-04 00:46:49,947 TRACE [main] [TestRoomMap.java:167] Processed 1900 tiles...
2013-08-04 00:46:50,485 TRACE [main] [TestRoomMap.java:167] Processed 2000 tiles...
2013-08-04 00:46:51,188 TRACE [main] [TestRoomMap.java:167] Processed 2100 tiles...
2013-08-04 00:46:51,675 TRACE [main] [TestRoomMap.java:167] Processed 2200 tiles...
2013-08-04 00:46:52,335 TRACE [main] [TestRoomMap.java:167] Processed 2300 tiles...
2013-08-04 00:46:52,801 TRACE [main] [TestRoomMap.java:167] Processed 2400 tiles...
2013-08-04 00:46:53,417 TRACE [main] [TestRoomMap.java:167] Processed 2500 tiles...
2013-08-04 00:46:53,866 TRACE [main] [TestRoomMap.java:167] Processed 2600 tiles...
2013-08-04 00:46:54,461 TRACE [main] [TestRoomMap.java:167] Processed 2700 tiles...
2013-08-04 00:46:54,672 TRACE [main] [TestRoomMap.java:167] Processed 2800 tiles...
2013-08-04 00:46:54,726 TRACE [main] [TestRoomMap.java:167] Processed 2900 tiles...
2013-08-04 00:46:54,891 TRACE [main] [TestRoomMap.java:167] Processed 3000 tiles...
2013-08-04 00:46:55,077 TRACE [main] [TestRoomMap.java:167] Processed 3100 tiles...
2013-08-04 00:46:55,249 TRACE [main] [TestRoomMap.java:167] Processed 3200 tiles...
2013-08-04 00:46:55,382 TRACE [main] [TestRoomMap.java:167] Processed 3300 tiles...
2013-08-04 00:46:55,525 TRACE [main] [TestRoomMap.java:167] Processed 3400 tiles...
2013-08-04 00:46:55,648 TRACE [main] [TestRoomMap.java:167] Processed 3500 tiles...
2013-08-04 00:46:55,782 TRACE [main] [TestRoomMap.java:167] Processed 3600 tiles...
2013-08-04 00:46:55,872 TRACE [main] [TestRoomMap.java:167] Processed 3700 tiles...
2013-08-04 00:46:55,976 TRACE [main] [TestRoomMap.java:167] Processed 3800 tiles...
2013-08-04 00:46:56,046 TRACE [main] [TestRoomMap.java:167] Processed 3900 tiles...
2013-08-04 00:46:56,136 TRACE [main] [TestRoomMap.java:167] Processed 4000 tiles...
2013-08-04 00:46:56,204 TRACE [main] [TestRoomMap.java:167] Processed 4100 tiles...
2013-08-04 00:46:56,295 TRACE [main] [TestRoomMap.java:167] Processed 4200 tiles...
2013-08-04 00:46:56,346 TRACE [main] [TestRoomMap.java:167] Processed 4300 tiles...
2013-08-04 00:46:56,421 TRACE [main] [TestRoomMap.java:167] Processed 4400 tiles...
2013-08-04 00:46:56,461 TRACE [main] [TestRoomMap.java:167] Processed 4500 tiles...
2013-08-04 00:46:56,499 TRACE [main] [TestRoomMap.java:167] Processed 4600 tiles...
2013-08-04 00:46:56,528 TRACE [main] [TestRoomMap.java:167] Processed 4700 tiles...
2013-08-04 00:46:56,555 TRACE [main] [TestRoomMap.java:167] Processed 4800 tiles...
2013-08-04 00:46:56,589 TRACE [main] [TestRoomMap.java:167] Processed 4900 tiles...
2013-08-04 00:46:56,630 TRACE [main] [TestRoomMap.java:167] Processed 5000 tiles...
2013-08-04 00:46:56,663 TRACE [main] [TestRoomMap.java:167] Processed 5100 tiles...
2013-08-04 00:46:56,695 TRACE [main] [TestRoomMap.java:167] Processed 5200 tiles...
2013-08-04 00:46:56,723 TRACE [main] [TestRoomMap.java:167] Processed 5300 tiles...
2013-08-04 00:46:56,757 TRACE [main] [TestRoomMap.java:167] Processed 5400 tiles...
2013-08-04 00:46:56,781 TRACE [main] [TestRoomMap.java:167] Processed 5500 tiles...
2013-08-04 00:46:56,807 TRACE [main] [TestRoomMap.java:167] Processed 5600 tiles...
2013-08-04 00:46:56,828 TRACE [main] [TestRoomMap.java:167] Processed 5700 tiles...
2013-08-04 00:46:56,852 TRACE [main] [TestRoomMap.java:167] Processed 5800 tiles...
2013-08-04 00:46:56,873 TRACE [main] [TestRoomMap.java:167] Processed 5900 tiles...
2013-08-04 00:46:56,881 TRACE [main] [TestRoomMap.java:171] Finished processing tiles.
2013-08-04 00:47:24,417 DEBUG [AWT-EventQueue-0] [RoomWithGui.java:52] anzahl agenten: 150
2013-08-04 00:48:16,513 INFO [MASON Model: class geomason.Room] [RoomAgent.java:60] Agent RoomAgent [location=POINT (405533.5 5754151.5), moveRate=3, id=4] hat Ziel erreicht
2013-08-04 00:48:16,543 INFO [MASON Model: class geomason.Room] [RoomAgent.java:60] Agent RoomAgent [location=POINT (405531 5754158), moveRate=3, id=45] hat Ziel erreicht
2013-08-04 00:48:17,991 INFO [MASON Model: class geomason.Room] [RoomAgent.java:60] Agent RoomAgent [location=POINT (405533.5 5754151.5), moveRate=3, id=113] hat Ziel erreicht
2013-08-04 00:48:18,305 INFO [MASON Model: class geomason.Room] [RoomAgent.java:60] Agent RoomAgent [location=POINT (405531 5754158), moveRate=3, id=20] hat Ziel erreicht
2013-08-04 00:48:18,311 INFO [MASON Model: class geomason.Room] [RoomAgent.java:60] Agent RoomAgent [location=POINT (405531 5754158), moveRate=3, id=51] hat Ziel erreicht
2013-08-04 00:48:18,392 INFO [MASON Model: class geomason.Room] [RoomAgent.java:60] Agent RoomAgent [location=POINT (405533.5 5754151.5), moveRate=3, id=65] hat Ziel erreicht
2013-08-04 00:48:18,547 INFO [MASON Model: class geomason.Room] [RoomAgent.java:60] Agent RoomAgent [location=POINT (405536 5754147), moveRate=3, id=120] hat Ziel erreicht
2013-08-04 00:48:19,259 INFO [MASON Model: class geomason.Room] [RoomAgent.java:60] Agent RoomAgent [location=POINT (405531 5754158), moveRate=3, id=53] hat Ziel erreicht
2013-08-04 00:48:19,420 INFO [MASON Model: class geomason.Room] [RoomAgent.java:60] Agent RoomAgent [location=POINT (405533.5 5754151.5), moveRate=3, id=42] hat Ziel erreicht
2013-08-04 00:48:19,885 INFO [MASON Model: class geomason.Room] [RoomAgent.java:60] Agent RoomAgent [location=POINT (405531 5754158), moveRate=3, id=86] hat Ziel erreicht
2013-08-04 00:48:19,933 INFO [MASON Model: class geomason.Room] [RoomAgent.java:60] Agent RoomAgent [location=POINT (405531 5754158), moveRate=3, id=35] hat Ziel erreicht
2013-08-04 00:48:19,933 INFO [MASON Model: class geomason.Room] [RoomAgent.java:60] Agent RoomAgent [location=POINT (405531 5754158), moveRate=3, id=132] hat Ziel erreicht
2013-08-04 00:48:19,950 INFO [MASON Model: class geomason.Room] [RoomAgent.java:60] Agent RoomAgent [location=POINT (405536 5754147), moveRate=3, id=85] hat Ziel erreicht
2013-08-04 00:48:20,067 INFO [MASON Model: class geomason.Room] [RoomAgent.java:60] Agent RoomAgent [location=POINT (405536 5754147), moveRate=3, id=103] hat Ziel erreicht
2013-08-04 00:48:20,829 INFO [MASON Model: class geomason.Room] [RoomAgent.java:60] Agent RoomAgent [location=POINT (405531 5754158), moveRate=3, id=31] hat Ziel erreicht
2013-08-04 00:48:20,863 INFO [MASON Model: class geomason.Room] [RoomAgent.java:60] Agent RoomAgent [location=POINT (405536 5754147), moveRate=3, id=32] hat Ziel erreicht
2013-08-04 00:48:21,005 INFO [MASON Model: class geomason.Room] [RoomAgent.java:60] Agent RoomAgent [location=POINT (405536 5754147), moveRate=3, id=66] hat Ziel erreicht
2013-08-04 00:48:21,060 INFO [MASON Model: class geomason.Room] [RoomAgent.java:60] Agent RoomAgent [location=POINT (405533.5 5754151.5), moveRate=3, id=81] hat Ziel erreicht
2013-08-04 00:48:21,224 INFO [MASON Model: class geomason.Room] [RoomAgent.java:60] Agent RoomAgent [location=POINT (405536 5754147), moveRate=3, id=149] hat Ziel erreicht
2013-08-04 00:48:21,478 INFO [MASON Model: class geomason.Room] [RoomAgent.java:60] Agent RoomAgent [location=POINT (405531 5754158), moveRate=3, id=49] hat Ziel erreicht
2013-08-04 00:48:21,628 INFO [MASON Model: class geomason.Room] [RoomAgent.java:60] Agent RoomAgent [location=POINT (405531 5754158), moveRate=3, id=47] hat Ziel erreicht
2013-08-04 00:48:22,096 INFO [MASON Model: class geomason.Room] [RoomAgent.java:60] Agent RoomAgent [location=POINT (405536 5754147), moveRate=3, id=117] hat Ziel erreicht
2013-08-04 00:48:22,304 INFO [MASON Model: class geomason.Room] [RoomAgent.java:60] Agent RoomAgent [location=POINT (405536 5754147), moveRate=3, id=36] hat Ziel erreicht
2013-08-04 00:48:22,348 INFO [MASON Model: class geomason.Room] [RoomAgent.java:60] Agent RoomAgent [location=POINT (405533.5 5754151.5), moveRate=3, id=72] hat Ziel erreicht
2013-08-04 00:48:22,603 INFO [MASON Model: class geomason.Room] [RoomAgent.java:60] Agent RoomAgent [location=POINT (405531 5754158), moveRate=3, id=27] hat Ziel erreicht
2013-08-04 00:48:22,946 INFO [MASON Model: class geomason.Room] [RoomAgent.java:60] Agent RoomAgent [location=POINT (405533.5 5754151.5), moveRate=3, id=19] hat Ziel erreicht
2013-08-04 00:48:22,947 INFO [MASON Model: class geomason.Room] [RoomAgent.java:60] Agent RoomAgent [location=POINT (405533.5 5754151.5), moveRate=3, id=118] hat Ziel erreicht
2013-08-04 00:48:23,099 INFO [MASON Model: class geomason.Room] [RoomAgent.java:60] Agent RoomAgent [location=POINT (405533.5 5754151.5), moveRate=3, id=58] hat Ziel erreicht
2013-08-04 00:48:23,144 INFO [MASON Model: class geomason.Room] [RoomAgent.java:60] Agent RoomAgent [location=POINT (405531 5754158), moveRate=3, id=21] hat Ziel erreicht
2013-08-04 00:48:23,286 INFO [MASON Model: class geomason.Room] [RoomAgent.java:60] Agent RoomAgent [location=POINT (405531 5754158), moveRate=2, id=125] hat Ziel erreicht
2013-08-04 00:48:23,302 INFO [MASON Model: class geomason.Room] [RoomAgent.java:60] Agent RoomAgent [location=POINT (405536 5754147), moveRate=3, id=25] hat Ziel erreicht
2013-08-04 00:48:23,469 INFO [MASON Model: class geomason.Room] [RoomAgent.java:60] Agent RoomAgent [location=POINT (405531 5754158), moveRate=3, id=71] hat Ziel erreicht
2013-08-04 00:48:23,520 INFO [MASON Model: class geomason.Room] [RoomAgent.java:60] Agent RoomAgent [location=POINT (405533.5 5754151.5), moveRate=2, id=73] hat Ziel erreicht
2013-08-04 00:48:23,670 INFO [MASON Model: class geomason.Room] [RoomAgent.java:60] Agent RoomAgent [location=POINT (405533.5 5754151.5), moveRate=3, id=61] hat Ziel erreicht
2013-08-04 00:48:23,863 INFO [MASON Model: class geomason.Room] [RoomAgent.java:60] Agent RoomAgent [location=POINT (405533.5 5754151.5), moveRate=3, id=141] hat Ziel erreicht
2013-08-04 00:48:24,039 INFO [MASON Model: class geomason.Room] [RoomAgent.java:60] Agent RoomAgent [location=POINT (405533.5 5754151.5), moveRate=3, id=109] hat Ziel erreicht
2013-08-04 00:48:24,306 INFO [MASON Model: class geomason.Room] [RoomAgent.java:60] Agent RoomAgent [location=POINT (405533.5 5754151.5), moveRate=3, id=148] hat Ziel erreicht
2013-08-04 00:48:24,463 INFO [MASON Model: class geomason.Room] [RoomAgent.java:60] Agent RoomAgent [location=POINT (405536 5754147), moveRate=3, id=24] hat Ziel erreicht
2013-08-04 00:48:24,609 INFO [MASON Model: class geomason.Room] [RoomAgent.java:60] Agent RoomAgent [location=POINT (405533.5 5754151.5), moveRate=3, id=60] hat Ziel erreicht
2013-08-04 00:48:24,644 INFO [MASON Model: class geomason.Room] [RoomAgent.java:60] Agent RoomAgent [location=POINT (405533.5 5754151.5), moveRate=3, id=84] hat Ziel erreicht
2013-08-04 00:48:24,854 INFO [MASON Model: class geomason.Room] [RoomAgent.java:60] Agent RoomAgent [location=POINT (405531 5754158), moveRate=3, id=126] hat Ziel erreicht
2013-08-04 00:48:24,864 INFO [MASON Model: class geomason.Room] [RoomAgent.java:60] Agent RoomAgent [location=POINT (405533.5 5754151.5), moveRate=3, id=37] hat Ziel erreicht
2013-08-04 00:48:24,943 INFO [MASON Model: class geomason.Room] [RoomAgent.java:60] Agent RoomAgent [location=POINT (405536 5754147), moveRate=3, id=142] hat Ziel erreicht
2013-08-04 00:48:25,101 INFO [MASON Model: class geomason.Room] [RoomAgent.java:60] Agent RoomAgent [location=POINT (405533.5 5754151.5), moveRate=3, id=108] hat Ziel erreicht
2013-08-04 00:48:25,125 INFO [MASON Model: class geomason.Room] [RoomAgent.java:60] Agent RoomAgent [location=POINT (405531 5754158), moveRate=3, id=130] hat Ziel erreicht
2013-08-04 00:48:25,241 INFO [MASON Model: class geomason.Room] [RoomAgent.java:60] Agent RoomAgent [location=POINT (405533.5 5754151.5), moveRate=2, id=98] hat Ziel erreicht
2013-08-04 00:48:25,252 INFO [MASON Model: class geomason.Room] [RoomAgent.java:60] Agent RoomAgent [location=POINT (405536 5754147), moveRate=2, id=5] hat Ziel erreicht
2013-08-04 00:48:25,345 INFO [MASON Model: class geomason.Room] [RoomAgent.java:60] Agent RoomAgent [location=POINT (405533.5 5754151.5), moveRate=3, id=67] hat Ziel erreicht
2013-08-04 00:48:25,809 INFO [MASON Model: class geomason.Room] [RoomAgent.java:60] Agent RoomAgent [location=POINT (405533.5 5754151.5), moveRate=3, id=16] hat Ziel erreicht
2013-08-04 00:48:25,810 INFO [MASON Model: class geomason.Room] [RoomAgent.java:60] Agent RoomAgent [location=POINT (405531 5754158), moveRate=3, id=94] hat Ziel erreicht
2013-08-04 00:48:25,896 INFO [MASON Model: class geomason.Room] [RoomAgent.java:60] Agent RoomAgent [location=POINT (405536 5754147), moveRate=3, id=129] hat Ziel erreicht
2013-08-04 00:48:25,897 INFO [MASON Model: class geomason.Room] [RoomAgent.java:60] Agent RoomAgent [location=POINT (405533.5 5754151.5), moveRate=3, id=23] hat Ziel erreicht
2013-08-04 00:48:25,927 INFO [MASON Model: class geomason.Room] [RoomAgent.java:60] Agent RoomAgent [location=POINT (405533.5 5754151.5), moveRate=2, id=8] hat Ziel erreicht
2013-08-04 00:48:25,958 INFO [MASON Model: class geomason.Room] [RoomAgent.java:60] Agent RoomAgent [location=POINT (405533.5 5754151.5), moveRate=3, id=57] hat Ziel erreicht
2013-08-04 00:48:25,996 INFO [MASON Model: class geomason.Room] [RoomAgent.java:60] Agent RoomAgent [location=POINT (405533.5 5754151.5), moveRate=3, id=26] hat Ziel erreicht
2013-08-04 00:48:26,076 INFO [MASON Model: class geomason.Room] [RoomAgent.java:60] Agent RoomAgent [location=POINT (405531 5754158), moveRate=2, id=104] hat Ziel erreicht
2013-08-04 00:48:26,125 INFO [MASON Model: class geomason.Room] [RoomAgent.java:60] Agent RoomAgent [location=POINT (405531 5754158), moveRate=3, id=55] hat Ziel erreicht
2013-08-04 00:48:26,260 INFO [MASON Model: class geomason.Room] [RoomAgent.java:60] Agent RoomAgent [location=POINT (405531 5754158), moveRate=2, id=68] hat Ziel erreicht
2013-08-04 00:48:26,318 INFO [MASON Model: class geomason.Room] [RoomAgent.java:60] Agent RoomAgent [location=POINT (405536 5754147), moveRate=3, id=34] hat Ziel erreicht
2013-08-04 00:48:26,344 INFO [MASON Model: class geomason.Room] [RoomAgent.java:60] Agent RoomAgent [location=POINT (405536 5754147), moveRate=3, id=2] hat Ziel erreicht
2013-08-04 00:48:26,484 INFO [MASON Model: class geomason.Room] [RoomAgent.java:60] Agent RoomAgent [location=POINT (405536 5754147), moveRate=2, id=105] hat Ziel erreicht
2013-08-04 00:48:26,631 INFO [MASON Model: class geomason.Room] [RoomAgent.java:60] Agent RoomAgent [location=POINT (405533.5 5754151.5), moveRate=3, id=70] hat Ziel erreicht
2013-08-04 00:48:26,632 INFO [MASON Model: class geomason.Room] [RoomAgent.java:60] Agent RoomAgent [location=POINT (405533.5 5754151.5), moveRate=2, id=74] hat Ziel erreicht
2013-08-04 00:48:26,650 INFO [MASON Model: class geomason.Room] [RoomAgent.java:60] Agent RoomAgent [location=POINT (405531 5754158), moveRate=2, id=44] hat Ziel erreicht
2013-08-04 00:48:26,722 INFO [MASON Model: class geomason.Room] [RoomAgent.java:60] Agent RoomAgent [location=POINT (405536 5754147), moveRate=3, id=92] hat Ziel erreicht
2013-08-04 00:48:26,764 INFO [MASON Model: class geomason.Room] [RoomAgent.java:60] Agent RoomAgent [location=POINT (405536 5754147), moveRate=3, id=13] hat Ziel erreicht
2013-08-04 00:48:26,823 INFO [MASON Model: class geomason.Room] [RoomAgent.java:60] Agent RoomAgent [location=POINT (405536 5754147), moveRate=3, id=131] hat Ziel erreicht
2013-08-04 00:48:26,834 INFO [MASON Model: class geomason.Room] [RoomAgent.java:60] Agent RoomAgent [location=POINT (405536 5754147), moveRate=2, id=80] hat Ziel erreicht
2013-08-04 00:48:26,853 INFO [MASON Model: class geomason.Room] [RoomAgent.java:60] Agent RoomAgent [location=POINT (405533.5 5754151.5), moveRate=2, id=56] hat Ziel erreicht
2013-08-04 00:48:26,953 INFO [MASON Model: class geomason.Room] [RoomAgent.java:60] Agent RoomAgent [location=POINT (405533.5 5754151.5), moveRate=2, id=140] hat Ziel erreicht
2013-08-04 00:48:26,993 INFO [MASON Model: class geomason.Room] [RoomAgent.java:60] Agent RoomAgent [location=POINT (405533.5 5754151.5), moveRate=2, id=41] hat Ziel erreicht
2013-08-04 00:48:26,997 INFO [MASON Model: class geomason.Room] [RoomAgent.java:60] Agent RoomAgent [location=POINT (405533.5 5754151.5), moveRate=3, id=128] hat Ziel erreicht
2013-08-04 00:48:27,018 INFO [MASON Model: class geomason.Room] [RoomAgent.java:60] Agent RoomAgent [location=POINT (405531 5754158), moveRate=2, id=1] hat Ziel erreicht
2013-08-04 00:48:27,047 INFO [MASON Model: class geomason.Room] [RoomAgent.java:60] Agent RoomAgent [location=POINT (405531 5754158), moveRate=3, id=96] hat Ziel erreicht
2013-08-04 00:48:27,087 INFO [MASON Model: class geomason.Room] [RoomAgent.java:60] Agent RoomAgent [location=POINT (405533.5 5754151.5), moveRate=2, id=9] hat Ziel erreicht
2013-08-04 00:48:27,188 INFO [MASON Model: class geomason.Room] [RoomAgent.java:60] Agent RoomAgent [location=POINT (405536 5754147), moveRate=3, id=100] hat Ziel erreicht
2013-08-04 00:48:27,278 INFO [MASON Model: class geomason.Room] [RoomAgent.java:60] Agent RoomAgent [location=POINT (405536 5754147), moveRate=3, id=122] hat Ziel erreicht
2013-08-04 00:48:27,369 INFO [MASON Model: class geomason.Room] [RoomAgent.java:60] Agent RoomAgent [location=POINT (405531 5754158), moveRate=2, id=59] hat Ziel erreicht
2013-08-04 00:48:27,403 INFO [MASON Model: class geomason.Room] [RoomAgent.java:60] Agent RoomAgent [location=POINT (405531 5754158), moveRate=2, id=0] hat Ziel erreicht
2013-08-04 00:48:27,487 INFO [MASON Model: class geomason.Room] [RoomAgent.java:60] Agent RoomAgent [location=POINT (405531 5754158), moveRate=2, id=39] hat Ziel erreicht
2013-08-04 00:48:27,735 INFO [MASON Model: class geomason.Room] [RoomAgent.java:60] Agent RoomAgent [location=POINT (405533.5 5754151.5), moveRate=2, id=83] hat Ziel erreicht
2013-08-04 00:48:27,786 INFO [MASON Model: class geomason.Room] [RoomAgent.java:60] Agent RoomAgent [location=POINT (405533.5 5754151.5), moveRate=2, id=111] hat Ziel erreicht
2013-08-04 00:48:27,813 INFO [MASON Model: class geomason.Room] [RoomAgent.java:60] Agent RoomAgent [location=POINT (405536 5754147), moveRate=2, id=33] hat Ziel erreicht
2013-08-04 00:48:27,813 INFO [MASON Model: class geomason.Room] [RoomAgent.java:60] Agent RoomAgent [location=POINT (405533.5 5754151.5), moveRate=2, id=136] hat Ziel erreicht
2013-08-04 00:48:27,897 INFO [MASON Model: class geomason.Room] [RoomAgent.java:60] Agent RoomAgent [location=POINT (405533.5 5754151.5), moveRate=2, id=145] hat Ziel erreicht
2013-08-04 00:48:27,908 INFO [MASON Model: class geomason.Room] [RoomAgent.java:60] Agent RoomAgent [location=POINT (405533.5 5754151.5), moveRate=2, id=54] hat Ziel erreicht
2013-08-04 00:48:28,114 INFO [MASON Model: class geomason.Room] [RoomAgent.java:60] Agent RoomAgent [location=POINT (405531 5754158), moveRate=2, id=116] hat Ziel erreicht
2013-08-04 00:48:28,141 INFO [MASON Model: class geomason.Room] [RoomAgent.java:60] Agent RoomAgent [location=POINT (405536 5754147), moveRate=2, id=78] hat Ziel erreicht
2013-08-04 00:48:28,255 INFO [MASON Model: class geomason.Room] [RoomAgent.java:60] Agent RoomAgent [location=POINT (405533.5 5754151.5), moveRate=2, id=28] hat Ziel erreicht
2013-08-04 00:48:28,308 INFO [MASON Model: class geomason.Room] [RoomAgent.java:60] Agent RoomAgent [location=POINT (405531 5754158), moveRate=2, id=10] hat Ziel erreicht
2013-08-04 00:48:28,323 INFO [MASON Model: class geomason.Room] [RoomAgent.java:60] Agent RoomAgent [location=POINT (405533.5 5754151.5), moveRate=2, id=76] hat Ziel erreicht
2013-08-04 00:48:28,370 INFO [MASON Model: class geomason.Room] [RoomAgent.java:60] Agent RoomAgent [location=POINT (405531 5754158), moveRate=2, id=6] hat Ziel erreicht
2013-08-04 00:48:28,377 INFO [MASON Model: class geomason.Room] [RoomAgent.java:60] Agent RoomAgent [location=POINT (405533.5 5754151.5), moveRate=2, id=62] hat Ziel erreicht
2013-08-04 00:48:28,397 INFO [MASON Model: class geomason.Room] [RoomAgent.java:60] Agent RoomAgent [location=POINT (405531 5754158), moveRate=2, id=139] hat Ziel erreicht
2013-08-04 00:48:28,548 INFO [MASON Model: class geomason.Room] [RoomAgent.java:60] Agent RoomAgent [location=POINT (405533.5 5754151.5), moveRate=2, id=50] hat Ziel erreicht
2013-08-04 00:48:28,568 INFO [MASON Model: class geomason.Room] [RoomAgent.java:60] Agent RoomAgent [location=POINT (405531 5754158), moveRate=2, id=133] hat Ziel erreicht
2013-08-04 00:48:28,575 INFO [MASON Model: class geomason.Room] [RoomAgent.java:60] Agent RoomAgent [location=POINT (405533.5 5754151.5), moveRate=2, id=147] hat Ziel erreicht
2013-08-04 00:48:28,669 INFO [MASON Model: class geomason.Room] [RoomAgent.java:60] Agent RoomAgent [location=POINT (405536 5754147), moveRate=2, id=64] hat Ziel erreicht
2013-08-04 00:48:28,671 INFO [MASON Model: class geomason.Room] [RoomAgent.java:60] Agent RoomAgent [location=POINT (405533.5 5754151.5), moveRate=2, id=89] hat Ziel erreicht
2013-08-04 00:48:28,677 INFO [MASON Model: class geomason.Room] [RoomAgent.java:60] Agent RoomAgent [location=POINT (405536 5754147), moveRate=2, id=112] hat Ziel erreicht
2013-08-04 00:48:28,778 INFO [MASON Model: class geomason.Room] [RoomAgent.java:60] Agent RoomAgent [location=POINT (405536 5754147), moveRate=2, id=121] hat Ziel erreicht
2013-08-04 00:48:28,877 INFO [MASON Model: class geomason.Room] [RoomAgent.java:60] Agent RoomAgent [location=POINT (405536 5754147), moveRate=2, id=97] hat Ziel erreicht
2013-08-04 00:48:28,927 INFO [MASON Model: class geomason.Room] [RoomAgent.java:60] Agent RoomAgent [location=POINT (405533.5 5754151.5), moveRate=1, id=135] hat Ziel erreicht
2013-08-04 00:48:29,270 INFO [MASON Model: class geomason.Room] [RoomAgent.java:60] Agent RoomAgent [location=POINT (405531 5754158), moveRate=1, id=18] hat Ziel erreicht
2013-08-04 00:48:29,490 INFO [MASON Model: class geomason.Room] [RoomAgent.java:60] Agent RoomAgent [location=POINT (405533.5 5754151.5), moveRate=1, id=75] hat Ziel erreicht
2013-08-04 00:48:29,509 INFO [MASON Model: class geomason.Room] [RoomAgent.java:60] Agent RoomAgent [location=POINT (405536 5754147), moveRate=1, id=14] hat Ziel erreicht
2013-08-04 00:48:29,528 INFO [MASON Model: class geomason.Room] [RoomAgent.java:60] Agent RoomAgent [location=POINT (405533.5 5754151.5), moveRate=1, id=137] hat Ziel erreicht
2013-08-04 00:48:29,546 INFO [MASON Model: class geomason.Room] [RoomAgent.java:60] Agent RoomAgent [location=POINT (405536 5754147), moveRate=1, id=99] hat Ziel erreicht
2013-08-04 00:48:29,563 INFO [MASON Model: class geomason.Room] [RoomAgent.java:60] Agent RoomAgent [location=POINT (405531 5754158), moveRate=1, id=46] hat Ziel erreicht
2013-08-04 00:48:29,587 INFO [MASON Model: class geomason.Room] [RoomAgent.java:60] Agent RoomAgent [location=POINT (405533.5 5754151.5), moveRate=1, id=106] hat Ziel erreicht
2013-08-04 00:48:29,590 INFO [MASON Model: class geomason.Room] [RoomAgent.java:60] Agent RoomAgent [location=POINT (405531 5754158), moveRate=1, id=90] hat Ziel erreicht
2013-08-04 00:48:29,605 INFO [MASON Model: class geomason.Room] [RoomAgent.java:60] Agent RoomAgent [location=POINT (405531 5754158), moveRate=1, id=38] hat Ziel erreicht
2013-08-04 00:48:29,619 INFO [MASON Model: class geomason.Room] [RoomAgent.java:60] Agent RoomAgent [location=POINT (405533.5 5754151.5), moveRate=1, id=11] hat Ziel erreicht
2013-08-04 00:48:29,627 INFO [MASON Model: class geomason.Room] [RoomAgent.java:60] Agent RoomAgent [location=POINT (405531 5754158), moveRate=1, id=12] hat Ziel erreicht
2013-08-04 00:48:29,638 INFO [MASON Model: class geomason.Room] [RoomAgent.java:60] Agent RoomAgent [location=POINT (405531 5754158), moveRate=1, id=143] hat Ziel erreicht
2013-08-04 00:48:29,642 INFO [MASON Model: class geomason.Room] [RoomAgent.java:60] Agent RoomAgent [location=POINT (405533.5 5754151.5), moveRate=1, id=114] hat Ziel erreicht
2013-08-04 00:48:29,646 INFO [MASON Model: class geomason.Room] [RoomAgent.java:60] Agent RoomAgent [location=POINT (405536 5754147), moveRate=1, id=101] hat Ziel erreicht
2013-08-04 00:48:29,662 INFO [MASON Model: class geomason.Room] [RoomAgent.java:60] Agent RoomAgent [location=POINT (405531 5754158), moveRate=1, id=123] hat Ziel erreicht
2013-08-04 00:48:29,668 INFO [MASON Model: class geomason.Room] [RoomAgent.java:60] Agent RoomAgent [location=POINT (405533.5 5754151.5), moveRate=1, id=3] hat Ziel erreicht
2013-08-04 00:48:29,669 INFO [MASON Model: class geomason.Room] [RoomAgent.java:60] Agent RoomAgent [location=POINT (405533.5 5754151.5), moveRate=1, id=79] hat Ziel erreicht
2013-08-04 00:48:29,674 INFO [MASON Model: class geomason.Room] [RoomAgent.java:60] Agent RoomAgent [location=POINT (405533.5 5754151.5), moveRate=1, id=93] hat Ziel erreicht
2013-08-04 00:48:29,701 INFO [MASON Model: class geomason.Room] [RoomAgent.java:60] Agent RoomAgent [location=POINT (405531 5754158), moveRate=1, id=29] hat Ziel erreicht
2013-08-04 00:48:29,705 INFO [MASON Model: class geomason.Room] [RoomAgent.java:60] Agent RoomAgent [location=POINT (405533.5 5754151.5), moveRate=1, id=127] hat Ziel erreicht
2013-08-04 00:48:29,719 INFO [MASON Model: class geomason.Room] [RoomAgent.java:60] Agent RoomAgent [location=POINT (405533.5 5754151.5), moveRate=1, id=124] hat Ziel erreicht
2013-08-04 00:48:29,720 INFO [MASON Model: class geomason.Room] [RoomAgent.java:60] Agent RoomAgent [location=POINT (405531 5754158), moveRate=1, id=138] hat Ziel erreicht
2013-08-04 00:48:29,723 INFO [MASON Model: class geomason.Room] [RoomAgent.java:60] Agent RoomAgent [location=POINT (405533.5 5754151.5), moveRate=1, id=87] hat Ziel erreicht
2013-08-04 00:48:29,728 INFO [MASON Model: class geomason.Room] [RoomAgent.java:60] Agent RoomAgent [location=POINT (405533.5 5754151.5), moveRate=1, id=95] hat Ziel erreicht
2013-08-04 00:48:29,732 INFO [MASON Model: class geomason.Room] [RoomAgent.java:60] Agent RoomAgent [location=POINT (405536 5754147), moveRate=1, id=69] hat Ziel erreicht
2013-08-04 00:48:29,735 INFO [MASON Model: class geomason.Room] [RoomAgent.java:60] Agent RoomAgent [location=POINT (405533.5 5754151.5), moveRate=1, id=17] hat Ziel erreicht
2013-08-04 00:48:29,740 INFO [MASON Model: class geomason.Room] [RoomAgent.java:60] Agent RoomAgent [location=POINT (405536 5754147), moveRate=1, id=107] hat Ziel erreicht
2013-08-04 00:48:29,745 INFO [MASON Model: class geomason.Room] [RoomAgent.java:60] Agent RoomAgent [location=POINT (405536 5754147), moveRate=1, id=30] hat Ziel erreicht
2013-08-04 00:48:29,748 INFO [MASON Model: class geomason.Room] [RoomAgent.java:60] Agent RoomAgent [location=POINT (405531 5754158), moveRate=1, id=146] hat Ziel erreicht
2013-08-04 00:48:29,755 INFO [MASON Model: class geomason.Room] [RoomAgent.java:60] Agent RoomAgent [location=POINT (405531 5754158), moveRate=1, id=115] hat Ziel erreicht
2013-08-04 00:48:29,757 INFO [MASON Model: class geomason.Room] [RoomAgent.java:60] Agent RoomAgent [location=POINT (405531 5754158), moveRate=1, id=15] hat Ziel erreicht
2013-08-04 00:48:29,758 INFO [MASON Model: class geomason.Room] [RoomAgent.java:60] Agent RoomAgent [location=POINT (405533.5 5754151.5), moveRate=1, id=63] hat Ziel erreicht
2013-08-04 00:48:29,760 INFO [MASON Model: class geomason.Room] [RoomAgent.java:60] Agent RoomAgent [location=POINT (405531 5754158), moveRate=1, id=88] hat Ziel erreicht
2013-08-04 00:48:29,767 INFO [MASON Model: class geomason.Room] [RoomAgent.java:60] Agent RoomAgent [location=POINT (405533.5 5754151.5), moveRate=1, id=7] hat Ziel erreicht
2013-08-04 00:48:29,767 INFO [MASON Model: class geomason.Room] [RoomAgent.java:60] Agent RoomAgent [location=POINT (405536 5754147), moveRate=1, id=144] hat Ziel erreicht
2013-08-04 00:48:29,768 INFO [MASON Model: class geomason.Room] [RoomAgent.java:60] Agent RoomAgent [location=POINT (405531 5754158), moveRate=1, id=52] hat Ziel erreicht
2013-08-04 00:48:29,768 INFO [MASON Model: class geomason.Room] [RoomAgent.java:60] Agent RoomAgent [location=POINT (405531 5754158), moveRate=1, id=77] hat Ziel erreicht
2013-08-04 00:48:29,774 INFO [MASON Model: class geomason.Room] [RoomAgent.java:60] Agent RoomAgent [location=POINT (405533.5 5754151.5), moveRate=1, id=43] hat Ziel erreicht
2013-08-04 00:48:29,777 INFO [MASON Model: class geomason.Room] [RoomAgent.java:60] Agent RoomAgent [location=POINT (405533.5 5754151.5), moveRate=1, id=48] hat Ziel erreicht
2013-08-04 00:48:29,784 INFO [MASON Model: class geomason.Room] [RoomAgent.java:60] Agent RoomAgent [location=POINT (405533.5 5754151.5), moveRate=1, id=91] hat Ziel erreicht
2013-08-04 00:48:29,784 INFO [MASON Model: class geomason.Room] [RoomAgent.java:60] Agent RoomAgent [location=POINT (405536 5754147), moveRate=1, id=82] hat Ziel erreicht
2013-08-04 00:48:29,785 INFO [MASON Model: class geomason.Room] [RoomAgent.java:60] Agent RoomAgent [location=POINT (405533.5 5754151.5), moveRate=1, id=22] hat Ziel erreicht
2013-08-04 00:48:29,787 INFO [MASON Model: class geomason.Room] [RoomAgent.java:60] Agent RoomAgent [location=POINT (405536 5754147), moveRate=1, id=102] hat Ziel erreicht
2013-08-04 00:48:29,791 INFO [MASON Model: class geomason.Room] [RoomAgent.java:60] Agent RoomAgent [location=POINT (405533.5 5754151.5), moveRate=1, id=134] hat Ziel erreicht
2013-08-04 00:48:29,794 INFO [MASON Model: class geomason.Room] [RoomAgent.java:60] Agent RoomAgent [location=POINT (405536 5754147), moveRate=1, id=110] hat Ziel erreicht
2013-08-04 00:48:29,807 INFO [MASON Model: class geomason.Room] [RoomAgent.java:60] Agent RoomAgent [location=POINT (405536 5754147), moveRate=1, id=40] hat Ziel erreicht
2013-08-04 00:48:29,810 INFO [MASON Model: class geomason.Room] [RoomAgent.java:60] Agent RoomAgent [location=POINT (405536 5754147), moveRate=1, id=119] hat Ziel erreicht
